<?xml version="1.0" encoding="UTF-8"?>
<testng-results skipped="0" failed="1" total="1" passed="0">
  <reporter-output>
  </reporter-output>
  <suite name="Default suite" duration-ms="26446" started-at="2020-11-27T16:44:41Z" finished-at="2020-11-27T16:45:07Z">
    <groups>
    </groups>
    <test name="Default test" duration-ms="26446" started-at="2020-11-27T16:44:41Z" finished-at="2020-11-27T16:45:07Z">
      <class name="qa.testng.HomePage_TC">
        <test-method status="PASS" signature="setup()[pri:0, instance:qa.testng.HomePage_TC@481a15ff]" name="setup" is-config="true" duration-ms="10066" started-at="2020-11-27T22:14:41Z" finished-at="2020-11-27T22:14:51Z">
          <reporter-output>
          </reporter-output>
        </test-method> <!-- setup -->
        <test-method status="FAIL" signature="tc_verifyPagetitle()[pri:0, instance:qa.testng.HomePage_TC@481a15ff]" name="tc_verifyPagetitle" duration-ms="4525" started-at="2020-11-27T22:14:51Z" finished-at="2020-11-27T22:14:55Z">
          <exception class="java.lang.IncompatibleClassChangeError">
            <message>
              <![CDATA[Found interface org.apache.poi.util.POILogger, but class was expected]]>
            </message>
            <full-stacktrace>
              <![CDATA[java.lang.IncompatibleClassChangeError: Found interface org.apache.poi.util.POILogger, but class was expected
	at org.apache.poi.openxml4j.opc.PackageRelationshipCollection.parseRelationshipsPart(PackageRelationshipCollection.java:304)
	at org.apache.poi.openxml4j.opc.PackageRelationshipCollection.<init>(PackageRelationshipCollection.java:156)
	at org.apache.poi.openxml4j.opc.PackageRelationshipCollection.<init>(PackageRelationshipCollection.java:124)
	at org.apache.poi.openxml4j.opc.PackagePart.loadRelationships(PackagePart.java:559)
	at org.apache.poi.openxml4j.opc.PackagePart.<init>(PackagePart.java:112)
	at org.apache.poi.openxml4j.opc.PackagePart.<init>(PackagePart.java:83)
	at org.apache.poi.openxml4j.opc.PackagePart.<init>(PackagePart.java:128)
	at org.apache.poi.openxml4j.opc.ZipPackagePart.<init>(ZipPackagePart.java:78)
	at org.apache.poi.openxml4j.opc.ZipPackage.getPartsImpl(ZipPackage.java:218)
	at org.apache.poi.openxml4j.opc.OPCPackage.getParts(OPCPackage.java:662)
	at org.apache.poi.openxml4j.opc.OPCPackage.open(OPCPackage.java:269)
	at org.apache.poi.util.PackageHelper.open(PackageHelper.java:39)
	at org.apache.poi.xssf.usermodel.XSSFWorkbook.<init>(XSSFWorkbook.java:204)
	at qa.testng.Utilities.ExcelSheet.readexcel(ExcelSheet.java:23)
	at qa.testng.PageActions.HomePage_Actions.verify_loginpageTitle(HomePage_Actions.java:31)
	at qa.testng.HomePage_TC.tc_verifyPagetitle(HomePage_TC.java:27)
	at sun.reflect.NativeMethodAccessorImpl.invoke0(Native Method)
	at sun.reflect.NativeMethodAccessorImpl.invoke(Unknown Source)
	at sun.reflect.DelegatingMethodAccessorImpl.invoke(Unknown Source)
	at java.lang.reflect.Method.invoke(Unknown Source)
	at org.testng.internal.MethodInvocationHelper.invokeMethod(MethodInvocationHelper.java:80)
	at org.testng.internal.Invoker.invokeMethod(Invoker.java:714)
	at org.testng.internal.Invoker.invokeTestMethod(Invoker.java:901)
	at org.testng.internal.Invoker.invokeTestMethods(Invoker.java:1231)
	at org.testng.internal.TestMethodWorker.invokeTestMethods(TestMethodWorker.java:127)
	at org.testng.internal.TestMethodWorker.run(TestMethodWorker.java:111)
	at org.testng.TestRunner.privateRun(TestRunner.java:767)
	at org.testng.TestRunner.run(TestRunner.java:617)
	at org.testng.SuiteRunner.runTest(SuiteRunner.java:334)
	at org.testng.SuiteRunner.runSequentially(SuiteRunner.java:329)
	at org.testng.SuiteRunner.privateRun(SuiteRunner.java:291)
	at org.testng.SuiteRunner.run(SuiteRunner.java:240)
	at org.testng.SuiteRunnerWorker.runSuite(SuiteRunnerWorker.java:52)
	at org.testng.SuiteRunnerWorker.run(SuiteRunnerWorker.java:86)
	at org.testng.TestNG.runSuitesSequentially(TestNG.java:1198)
	at org.testng.TestNG.runSuitesLocally(TestNG.java:1123)
	at org.testng.TestNG.run(TestNG.java:1031)
	at org.testng.remote.AbstractRemoteTestNG.run(AbstractRemoteTestNG.java:132)
	at org.testng.remote.RemoteTestNG.initAndRun(RemoteTestNG.java:230)
	at org.testng.remote.RemoteTestNG.main(RemoteTestNG.java:76)
]]>
            </full-stacktrace>
          </exception> <!-- java.lang.IncompatibleClassChangeError -->
          <reporter-output>
          </reporter-output>
        </test-method> <!-- tc_verifyPagetitle -->
        <test-method status="PASS" signature="Screenshot(org.testng.ITestResult)[pri:0, instance:qa.testng.HomePage_TC@481a15ff]" name="Screenshot" is-config="true" duration-ms="10567" started-at="2020-11-27T22:14:55Z" finished-at="2020-11-27T22:15:06Z">
          <params>
            <param index="0">
              <value>
                <![CDATA[[TestResult name=tc_verifyPagetitle status=FAILURE method=HomePage_TC.tc_verifyPagetitle()[pri:0, instance:qa.testng.HomePage_TC@481a15ff] output={null}]]]>
              </value>
            </param>
          </params>
          <reporter-output>
          </reporter-output>
        </test-method> <!-- Screenshot -->
        <test-method status="PASS" signature="teardown()[pri:0, instance:qa.testng.HomePage_TC@481a15ff]" name="teardown" is-config="true" duration-ms="1272" started-at="2020-11-27T22:15:06Z" finished-at="2020-11-27T22:15:07Z">
          <reporter-output>
          </reporter-output>
        </test-method> <!-- teardown -->
      </class> <!-- qa.testng.HomePage_TC -->
    </test> <!-- Default test -->
  </suite> <!-- Default suite -->
</testng-results>
